2017-05-01 16:39:18, DEBUG, Converted retries value: 1 -> Retry(total=1, connect=None, read=None, redirect=None)
2017-05-01 16:39:18, DEBUG, Converted retries value: 1 -> Retry(total=1, connect=None, read=None, redirect=None)
2017-05-01 16:39:18, DEBUG, Starting new HTTP connection (1): pubsub.pubnub.com
2017-05-01 16:39:19, DEBUG, http://pubsub.pubnub.com:80 "GET /subscribe/sub-c-d17a927c-e171-11e6-802a-02ee2ddab7fe/UI/0/0?pnsdk=PubNub-Python%2F3.8.3&uuid=bc316c61-434b-4f3c-ae0b-99c0041ea695 HTTP/1.1" 200 24
2017-05-01 16:39:19, INFO, CONNECTED
2017-05-01 16:39:52, DEBUG, Converted retries value: 1 -> Retry(total=1, connect=None, read=None, redirect=None)
2017-05-01 16:39:52, DEBUG, Converted retries value: 1 -> Retry(total=1, connect=None, read=None, redirect=None)
2017-05-01 16:39:52, DEBUG, Starting new HTTP connection (1): pubsub.pubnub.com
2017-05-01 16:39:53, DEBUG, http://pubsub.pubnub.com:80 "GET /subscribe/sub-c-d17a927c-e171-11e6-802a-02ee2ddab7fe/UI/0/0?pnsdk=PubNub-Python%2F3.8.3&uuid=29972f74-6200-4d5a-a43f-e594c901de85 HTTP/1.1" 200 24
2017-05-01 16:39:53, INFO, CONNECTED
2017-05-01 16:40:00, DEBUG, Starting new HTTP connection (2): pubsub.pubnub.com
2017-05-01 16:40:01, DEBUG, http://pubsub.pubnub.com:80 "GET /publish/pub-c-abde89c6-da51-4c04-8c2b-9c3984e1182d/sub-c-d17a927c-e171-11e6-802a-02ee2ddab7fe/0/farmland/0/%7B%22messagecode%22%3A%20%22assetbalance%22%2C%20%22messagetype%22%3A%20%22req%22%7D?norep=false&pnsdk=PubNub-Python%2F3.8.3&store=1 HTTP/1.1" 200 30
2017-05-01 16:40:12, DEBUG, http://pubsub.pubnub.com:80 "GET /publish/pub-c-abde89c6-da51-4c04-8c2b-9c3984e1182d/sub-c-d17a927c-e171-11e6-802a-02ee2ddab7fe/0/farmland/0/%7B%22messagecode%22%3A%20%22issueasset%22%2C%20%22messagetype%22%3A%20%22req%22%7D?norep=false&pnsdk=PubNub-Python%2F3.8.3&store=1 HTTP/1.1" 200 30
2017-05-01 16:40:59, DEBUG, http://pubsub.pubnub.com:80 "GET /publish/pub-c-abde89c6-da51-4c04-8c2b-9c3984e1182d/sub-c-d17a927c-e171-11e6-802a-02ee2ddab7fe/0/farmland/0/%7B%22messagecode%22%3A%20%22issueasset%22%2C%20%22messagetype%22%3A%20%22req%22%7D?norep=false&pnsdk=PubNub-Python%2F3.8.3&store=1 HTTP/1.1" 200 30
2017-05-01 16:40:59, DEBUG, http://pubsub.pubnub.com:80 "GET /subscribe/sub-c-d17a927c-e171-11e6-802a-02ee2ddab7fe/UI/0/14936369925709070?pnsdk=PubNub-Python%2F3.8.3&uuid=29972f74-6200-4d5a-a43f-e594c901de85 HTTP/1.1" 200 197
2017-05-01 16:41:19, DEBUG, http://pubsub.pubnub.com:80 "GET /publish/pub-c-abde89c6-da51-4c04-8c2b-9c3984e1182d/sub-c-d17a927c-e171-11e6-802a-02ee2ddab7fe/0/farmland/0/%7B%22messagecode%22%3A%20%22assetbalance%22%2C%20%22messagetype%22%3A%20%22req%22%7D?norep=false&pnsdk=PubNub-Python%2F3.8.3&store=1 HTTP/1.1" 200 30
2017-05-01 16:41:52, DEBUG, http://pubsub.pubnub.com:80 "GET /subscribe/sub-c-d17a927c-e171-11e6-802a-02ee2ddab7fe/UI/0/14936370594530000?pnsdk=PubNub-Python%2F3.8.3&uuid=29972f74-6200-4d5a-a43f-e594c901de85 HTTP/1.1" 200 24
2017-05-01 16:42:06, DEBUG, http://pubsub.pubnub.com:80 "GET /subscribe/sub-c-d17a927c-e171-11e6-802a-02ee2ddab7fe/UI/0/14936370594530000?pnsdk=PubNub-Python%2F3.8.3&uuid=29972f74-6200-4d5a-a43f-e594c901de85 HTTP/1.1" 200 72
2017-05-01 16:42:21, DEBUG, http://pubsub.pubnub.com:80 "GET /subscribe/sub-c-d17a927c-e171-11e6-802a-02ee2ddab7fe/UI/0/14936371261204839?pnsdk=PubNub-Python%2F3.8.3&uuid=29972f74-6200-4d5a-a43f-e594c901de85 HTTP/1.1" 200 72
2017-05-01 16:42:46, DEBUG, http://pubsub.pubnub.com:80 "GET /publish/pub-c-abde89c6-da51-4c04-8c2b-9c3984e1182d/sub-c-d17a927c-e171-11e6-802a-02ee2ddab7fe/0/farmland/0/%7B%22messagecode%22%3A%20%22issueasset%22%2C%20%22messagetype%22%3A%20%22req%22%7D?norep=false&pnsdk=PubNub-Python%2F3.8.3&store=1 HTTP/1.1" 200 30
2017-05-01 16:42:46, DEBUG, http://pubsub.pubnub.com:80 "GET /subscribe/sub-c-d17a927c-e171-11e6-802a-02ee2ddab7fe/UI/0/14936371413191956?pnsdk=PubNub-Python%2F3.8.3&uuid=29972f74-6200-4d5a-a43f-e594c901de85 HTTP/1.1" 200 197
2017-05-01 16:42:55, DEBUG, http://pubsub.pubnub.com:80 "GET /subscribe/sub-c-d17a927c-e171-11e6-802a-02ee2ddab7fe/UI/0/14936371664509886?pnsdk=PubNub-Python%2F3.8.3&uuid=29972f74-6200-4d5a-a43f-e594c901de85 HTTP/1.1" 200 72
2017-05-01 16:43:39, DEBUG, http://pubsub.pubnub.com:80 "GET /subscribe/sub-c-d17a927c-e171-11e6-802a-02ee2ddab7fe/UI/0/14936371748692004?pnsdk=PubNub-Python%2F3.8.3&uuid=29972f74-6200-4d5a-a43f-e594c901de85 HTTP/1.1" 200 72
2017-05-01 16:43:40, DEBUG, http://pubsub.pubnub.com:80 "GET /subscribe/sub-c-d17a927c-e171-11e6-802a-02ee2ddab7fe/UI/0/14936372180311748?pnsdk=PubNub-Python%2F3.8.3&uuid=29972f74-6200-4d5a-a43f-e594c901de85 HTTP/1.1" 200 72
2017-05-01 16:46:32, DEBUG, http://pubsub.pubnub.com:80 "GET /subscribe/sub-c-d17a927c-e171-11e6-802a-02ee2ddab7fe/UI/0/14936372204876409?pnsdk=PubNub-Python%2F3.8.3&uuid=29972f74-6200-4d5a-a43f-e594c901de85 HTTP/1.1" 200 24
2017-05-01 16:47:08, DEBUG, http://pubsub.pubnub.com:80 "GET /publish/pub-c-abde89c6-da51-4c04-8c2b-9c3984e1182d/sub-c-d17a927c-e171-11e6-802a-02ee2ddab7fe/0/farmland/0/%7B%22messagecode%22%3A%20%22issueasset%22%2C%20%22messagetype%22%3A%20%22req%22%7D?norep=false&pnsdk=PubNub-Python%2F3.8.3&store=1 HTTP/1.1" 200 30
2017-05-01 16:47:08, DEBUG, http://pubsub.pubnub.com:80 "GET /subscribe/sub-c-d17a927c-e171-11e6-802a-02ee2ddab7fe/UI/0/14936372204876409?pnsdk=PubNub-Python%2F3.8.3&uuid=29972f74-6200-4d5a-a43f-e594c901de85 HTTP/1.1" 200 197
2017-05-01 16:51:13, DEBUG, http://pubsub.pubnub.com:80 "GET /subscribe/sub-c-d17a927c-e171-11e6-802a-02ee2ddab7fe/UI/0/14936374284261506?pnsdk=PubNub-Python%2F3.8.3&uuid=29972f74-6200-4d5a-a43f-e594c901de85 HTTP/1.1" 200 24
2017-05-01 16:52:00, DEBUG, http://pubsub.pubnub.com:80 "GET /publish/pub-c-abde89c6-da51-4c04-8c2b-9c3984e1182d/sub-c-d17a927c-e171-11e6-802a-02ee2ddab7fe/0/farmland/0/%7B%22messagecode%22%3A%20%22issueasset%22%2C%20%22messagetype%22%3A%20%22req%22%7D?norep=false&pnsdk=PubNub-Python%2F3.8.3&store=1 HTTP/1.1" 200 30
2017-05-01 16:52:00, DEBUG, http://pubsub.pubnub.com:80 "GET /subscribe/sub-c-d17a927c-e171-11e6-802a-02ee2ddab7fe/UI/0/14936374284261506?pnsdk=PubNub-Python%2F3.8.3&uuid=29972f74-6200-4d5a-a43f-e594c901de85 HTTP/1.1" 200 258
2017-05-01 16:52:10, DEBUG, http://pubsub.pubnub.com:80 "GET /publish/pub-c-abde89c6-da51-4c04-8c2b-9c3984e1182d/sub-c-d17a927c-e171-11e6-802a-02ee2ddab7fe/0/farmland/0/%7B%22messagecode%22%3A%20%22assetbalance%22%2C%20%22messagetype%22%3A%20%22req%22%7D?norep=false&pnsdk=PubNub-Python%2F3.8.3&store=1 HTTP/1.1" 200 30
